[ 2016-09-16T14:21:08+08:00 ] ::1 /bd/iacj.php
INFO: [ app_init ] --START--
INFO: Run Behavior\BuildLiteBehavior [ RunTime:0.000025s ]
INFO: [ app_init ] --END-- [ RunTime:0.000155s ]
INFO: [ app_begin ] --START--
INFO: Run Behavior\ReadHtmlCacheBehavior [ RunTime:0.000696s ]
INFO: [ app_begin ] --END-- [ RunTime:0.000804s ]
INFO: [ view_parse ] --START--
INFO: [ template_filter ] --START--
INFO: Run Behavior\ContentReplaceBehavior [ RunTime:0.000055s ]
INFO: [ template_filter ] --END-- [ RunTime:0.000199s ]
INFO: Run Behavior\ParseTemplateBehavior [ RunTime:0.007816s ]
INFO: [ view_parse ] --END-- [ RunTime:0.007947s ]
INFO: [ view_filter ] --START--
INFO: Run Behavior\WriteHtmlCacheBehavior [ RunTime:0.000706s ]
INFO: [ view_filter ] --END-- [ RunTime:0.000817s ]
INFO: [ app_end ] --START--
INFO: Run Behavior\ShowPageTraceBehavior [ RunTime:0.000675s ]
INFO: [ app_end ] --END-- [ RunTime:0.000787s ]

[ 2016-09-16T14:22:56+08:00 ] ::1 /bd/iacj.php
INFO: [ app_init ] --START--
INFO: Run Behavior\BuildLiteBehavior [ RunTime:0.000030s ]
INFO: [ app_init ] --END-- [ RunTime:0.000614s ]
INFO: [ app_begin ] --START--
INFO: Run Behavior\ReadHtmlCacheBehavior [ RunTime:0.000628s ]
INFO: [ app_begin ] --END-- [ RunTime:0.000738s ]
INFO: [ view_parse ] --START--
INFO: [ template_filter ] --START--
INFO: Run Behavior\ContentReplaceBehavior [ RunTime:0.000059s ]
INFO: [ template_filter ] --END-- [ RunTime:0.000167s ]
INFO: Run Behavior\ParseTemplateBehavior [ RunTime:0.012213s ]
INFO: [ view_parse ] --END-- [ RunTime:0.012369s ]
INFO: [ view_filter ] --START--
INFO: Run Behavior\WriteHtmlCacheBehavior [ RunTime:0.000556s ]
INFO: [ view_filter ] --END-- [ RunTime:0.000648s ]
INFO: [ app_end ] --START--
INFO: Run Behavior\ShowPageTraceBehavior [ RunTime:0.000695s ]
INFO: [ app_end ] --END-- [ RunTime:0.000802s ]

[ 2016-09-16T14:26:24+08:00 ] ::1 /bd/
INFO: [ app_init ] --START--
INFO: Run Behavior\BuildLiteBehavior [ RunTime:0.000033s ]
INFO: [ app_init ] --END-- [ RunTime:0.000871s ]
INFO: [ app_begin ] --START--
INFO: Run Behavior\ReadHtmlCacheBehavior [ RunTime:0.000792s ]
INFO: [ app_begin ] --END-- [ RunTime:0.000924s ]
INFO: [ view_parse ] --START--
INFO: Run Behavior\ParseTemplateBehavior [ RunTime:0.000733s ]
INFO: [ view_parse ] --END-- [ RunTime:0.000854s ]
INFO: [ view_filter ] --START--
INFO: Run Behavior\WriteHtmlCacheBehavior [ RunTime:0.000531s ]
INFO: [ view_filter ] --END-- [ RunTime:0.000627s ]
INFO: [ app_end ] --START--
INFO: Run Behavior\ShowPageTraceBehavior [ RunTime:0.000705s ]
INFO: [ app_end ] --END-- [ RunTime:0.000827s ]

[ 2016-09-16T19:42:11+08:00 ] ::1 /bd/
INFO: [ app_init ] --START--
INFO: Run Behavior\BuildLiteBehavior [ RunTime:0.000026s ]
INFO: [ app_init ] --END-- [ RunTime:0.000925s ]
INFO: [ app_begin ] --START--
INFO: Run Behavior\ReadHtmlCacheBehavior [ RunTime:0.000703s ]
INFO: [ app_begin ] --END-- [ RunTime:0.000819s ]
NOTIC: [8] Undefined index: nonce C:\wamp2\www\bd\IACJ\Home\Controller\IndexController.class.php 第 8 行.
NOTIC: [8] Undefined index: timestamp C:\wamp2\www\bd\IACJ\Home\Controller\IndexController.class.php 第 10 行.
NOTIC: [8] Undefined index: echostr C:\wamp2\www\bd\IACJ\Home\Controller\IndexController.class.php 第 11 行.
NOTIC: [8] Undefined index: signature C:\wamp2\www\bd\IACJ\Home\Controller\IndexController.class.php 第 12 行.
NOTIC: [8] Undefined index: HTTP_RAW_POST_DATA C:\wamp2\www\bd\IACJ\Home\Controller\IndexController.class.php 第 33 行.
NOTIC: [8] Trying to get property of non-object C:\wamp2\www\bd\IACJ\Home\Controller\IndexController.class.php 第 50 行.
NOTIC: [8] Trying to get property of non-object C:\wamp2\www\bd\IACJ\Home\Controller\IndexController.class.php 第 126 行.
NOTIC: [8] Trying to get property of non-object C:\wamp2\www\bd\IACJ\Home\Controller\IndexController.class.php 第 171 行.
NOTIC: [8] Trying to get property of non-object C:\wamp2\www\bd\IACJ\Home\Controller\IndexController.class.php 第 196 行.
NOTIC: [8] Trying to get property of non-object C:\wamp2\www\bd\IACJ\Home\Controller\IndexController.class.php 第 197 行.
NOTIC: [8] Undefined variable: content C:\wamp2\www\bd\IACJ\Home\Controller\IndexController.class.php 第 201 行.
INFO: [ app_end ] --START--
INFO: Run Behavior\ShowPageTraceBehavior [ RunTime:0.001129s ]
INFO: [ app_end ] --END-- [ RunTime:0.001358s ]

[ 2016-09-16T19:42:34+08:00 ] ::1 /bd/
INFO: [ app_init ] --START--
INFO: Run Behavior\BuildLiteBehavior [ RunTime:0.000040s ]
INFO: [ app_init ] --END-- [ RunTime:0.000680s ]
INFO: [ app_begin ] --START--
INFO: Run Behavior\ReadHtmlCacheBehavior [ RunTime:0.001001s ]
INFO: [ app_begin ] --END-- [ RunTime:0.001192s ]
NOTIC: [8] Undefined index: nonce C:\wamp2\www\bd\IACJ\Home\Controller\IndexController.class.php 第 8 行.
NOTIC: [8] Undefined index: timestamp C:\wamp2\www\bd\IACJ\Home\Controller\IndexController.class.php 第 10 行.
NOTIC: [8] Undefined index: echostr C:\wamp2\www\bd\IACJ\Home\Controller\IndexController.class.php 第 11 行.
NOTIC: [8] Undefined index: signature C:\wamp2\www\bd\IACJ\Home\Controller\IndexController.class.php 第 12 行.
NOTIC: [8] Undefined index: HTTP_RAW_POST_DATA C:\wamp2\www\bd\IACJ\Home\Controller\IndexController.class.php 第 33 行.
NOTIC: [8] Trying to get property of non-object C:\wamp2\www\bd\IACJ\Home\Controller\IndexController.class.php 第 50 行.
NOTIC: [8] Trying to get property of non-object C:\wamp2\www\bd\IACJ\Home\Controller\IndexController.class.php 第 126 行.
NOTIC: [8] Trying to get property of non-object C:\wamp2\www\bd\IACJ\Home\Controller\IndexController.class.php 第 171 行.
NOTIC: [8] Trying to get property of non-object C:\wamp2\www\bd\IACJ\Home\Controller\IndexController.class.php 第 196 行.
NOTIC: [8] Trying to get property of non-object C:\wamp2\www\bd\IACJ\Home\Controller\IndexController.class.php 第 197 行.
NOTIC: [8] Undefined variable: content C:\wamp2\www\bd\IACJ\Home\Controller\IndexController.class.php 第 201 行.
INFO: [ app_end ] --START--
INFO: Run Behavior\ShowPageTraceBehavior [ RunTime:0.000765s ]
INFO: [ app_end ] --END-- [ RunTime:0.000888s ]

[ 2016-09-16T19:42:34+08:00 ] ::1 /bd/
INFO: [ app_init ] --START--
INFO: Run Behavior\BuildLiteBehavior [ RunTime:0.000045s ]
INFO: [ app_init ] --END-- [ RunTime:0.001632s ]
INFO: [ app_begin ] --START--
INFO: Run Behavior\ReadHtmlCacheBehavior [ RunTime:0.000833s ]
INFO: [ app_begin ] --END-- [ RunTime:0.001003s ]
NOTIC: [8] Undefined index: nonce C:\wamp2\www\bd\IACJ\Home\Controller\IndexController.class.php 第 8 行.
NOTIC: [8] Undefined index: timestamp C:\wamp2\www\bd\IACJ\Home\Controller\IndexController.class.php 第 10 行.
NOTIC: [8] Undefined index: echostr C:\wamp2\www\bd\IACJ\Home\Controller\IndexController.class.php 第 11 行.
NOTIC: [8] Undefined index: signature C:\wamp2\www\bd\IACJ\Home\Controller\IndexController.class.php 第 12 行.
NOTIC: [8] Undefined index: HTTP_RAW_POST_DATA C:\wamp2\www\bd\IACJ\Home\Controller\IndexController.class.php 第 33 行.
NOTIC: [8] Trying to get property of non-object C:\wamp2\www\bd\IACJ\Home\Controller\IndexController.class.php 第 50 行.
NOTIC: [8] Trying to get property of non-object C:\wamp2\www\bd\IACJ\Home\Controller\IndexController.class.php 第 126 行.
NOTIC: [8] Trying to get property of non-object C:\wamp2\www\bd\IACJ\Home\Controller\IndexController.class.php 第 171 行.
NOTIC: [8] Trying to get property of non-object C:\wamp2\www\bd\IACJ\Home\Controller\IndexController.class.php 第 196 行.
NOTIC: [8] Trying to get property of non-object C:\wamp2\www\bd\IACJ\Home\Controller\IndexController.class.php 第 197 行.
NOTIC: [8] Undefined variable: content C:\wamp2\www\bd\IACJ\Home\Controller\IndexController.class.php 第 201 行.
INFO: [ app_end ] --START--
INFO: Run Behavior\ShowPageTraceBehavior [ RunTime:0.000741s ]
INFO: [ app_end ] --END-- [ RunTime:0.000852s ]

[ 2016-09-16T19:42:35+08:00 ] ::1 /bd/
INFO: [ app_init ] --START--
INFO: Run Behavior\BuildLiteBehavior [ RunTime:0.000042s ]
INFO: [ app_init ] --END-- [ RunTime:0.000855s ]
INFO: [ app_begin ] --START--
INFO: Run Behavior\ReadHtmlCacheBehavior [ RunTime:0.000623s ]
INFO: [ app_begin ] --END-- [ RunTime:0.000733s ]
NOTIC: [8] Undefined index: nonce C:\wamp2\www\bd\IACJ\Home\Controller\IndexController.class.php 第 8 行.
NOTIC: [8] Undefined index: timestamp C:\wamp2\www\bd\IACJ\Home\Controller\IndexController.class.php 第 10 行.
NOTIC: [8] Undefined index: echostr C:\wamp2\www\bd\IACJ\Home\Controller\IndexController.class.php 第 11 行.
NOTIC: [8] Undefined index: signature C:\wamp2\www\bd\IACJ\Home\Controller\IndexController.class.php 第 12 行.
NOTIC: [8] Undefined index: HTTP_RAW_POST_DATA C:\wamp2\www\bd\IACJ\Home\Controller\IndexController.class.php 第 33 行.
NOTIC: [8] Trying to get property of non-object C:\wamp2\www\bd\IACJ\Home\Controller\IndexController.class.php 第 50 行.
NOTIC: [8] Trying to get property of non-object C:\wamp2\www\bd\IACJ\Home\Controller\IndexController.class.php 第 126 行.
NOTIC: [8] Trying to get property of non-object C:\wamp2\www\bd\IACJ\Home\Controller\IndexController.class.php 第 171 行.
NOTIC: [8] Trying to get property of non-object C:\wamp2\www\bd\IACJ\Home\Controller\IndexController.class.php 第 196 行.
NOTIC: [8] Trying to get property of non-object C:\wamp2\www\bd\IACJ\Home\Controller\IndexController.class.php 第 197 行.
NOTIC: [8] Undefined variable: content C:\wamp2\www\bd\IACJ\Home\Controller\IndexController.class.php 第 201 行.
INFO: [ app_end ] --START--
INFO: Run Behavior\ShowPageTraceBehavior [ RunTime:0.000649s ]
INFO: [ app_end ] --END-- [ RunTime:0.000754s ]

[ 2016-09-16T19:42:35+08:00 ] ::1 /bd/
INFO: [ app_init ] --START--
INFO: Run Behavior\BuildLiteBehavior [ RunTime:0.000023s ]
INFO: [ app_init ] --END-- [ RunTime:0.000577s ]
INFO: [ app_begin ] --START--
INFO: Run Behavior\ReadHtmlCacheBehavior [ RunTime:0.000616s ]
INFO: [ app_begin ] --END-- [ RunTime:0.000726s ]
NOTIC: [8] Undefined index: nonce C:\wamp2\www\bd\IACJ\Home\Controller\IndexController.class.php 第 8 行.
NOTIC: [8] Undefined index: timestamp C:\wamp2\www\bd\IACJ\Home\Controller\IndexController.class.php 第 10 行.
NOTIC: [8] Undefined index: echostr C:\wamp2\www\bd\IACJ\Home\Controller\IndexController.class.php 第 11 行.
NOTIC: [8] Undefined index: signature C:\wamp2\www\bd\IACJ\Home\Controller\IndexController.class.php 第 12 行.
NOTIC: [8] Undefined index: HTTP_RAW_POST_DATA C:\wamp2\www\bd\IACJ\Home\Controller\IndexController.class.php 第 33 行.
NOTIC: [8] Trying to get property of non-object C:\wamp2\www\bd\IACJ\Home\Controller\IndexController.class.php 第 50 行.
NOTIC: [8] Trying to get property of non-object C:\wamp2\www\bd\IACJ\Home\Controller\IndexController.class.php 第 126 行.
NOTIC: [8] Trying to get property of non-object C:\wamp2\www\bd\IACJ\Home\Controller\IndexController.class.php 第 171 行.
NOTIC: [8] Trying to get property of non-object C:\wamp2\www\bd\IACJ\Home\Controller\IndexController.class.php 第 196 行.
NOTIC: [8] Trying to get property of non-object C:\wamp2\www\bd\IACJ\Home\Controller\IndexController.class.php 第 197 行.
NOTIC: [8] Undefined variable: content C:\wamp2\www\bd\IACJ\Home\Controller\IndexController.class.php 第 201 行.
INFO: [ app_end ] --START--
INFO: Run Behavior\ShowPageTraceBehavior [ RunTime:0.000812s ]
INFO: [ app_end ] --END-- [ RunTime:0.001113s ]

